<?xml version="1.0" encoding="UTF-8"?>
<!-- Generated by org.testng.reporters.JUnitReportReporter -->
<testsuite hostname="VICKY" name="com.TestCases.ProductCheckOutTest" tests="5" failures="0" timestamp="8 Jan 2021 08:58:18 GMT" time="102.831" errors="0">
  <testcase name="validateProductOnCartPage" time="11.253" classname="com.TestCases.ProductCheckOutTest"/>
  <testcase name="validateProductOnOverviewPage" time="13.631" classname="com.TestCases.ProductCheckOutTest"/>
  <testcase name="validateProductOnInformationPage" time="27.871" classname="com.TestCases.ProductCheckOutTest"/>
  <testcase name="validateProductOrderSucess" time="10.479" classname="com.TestCases.ProductCheckOutTest"/>
  <testcase name="validateAddToCart" time="39.597" classname="com.TestCases.ProductCheckOutTest"/>
</testsuite> <!-- com.TestCases.ProductCheckOutTest -->
