<?xml version="1.0" encoding="UTF-8"?>
<!-- Generated by org.testng.reporters.JUnitReportReporter -->
<testsuite hostname="VICKY" name="com.TestCases.LoginTest" tests="6" failures="0" timestamp="14 Jan 2021 03:26:21 GMT" time="185.210" errors="0">
  <testcase name="validUsernameTest" time="17.302" classname="com.TestCases.LoginTest"/>
  <testcase name="invalidPasswordTest" time="34.183" classname="com.TestCases.LoginTest"/>
  <testcase name="validUsernameTest" time="17.762" classname="com.TestCases.LoginTest"/>
  <testcase name="invalidUsernameTest" time="37.792" classname="com.TestCases.LoginTest"/>
  <testcase name="invalidUsernameTest" time="42.598" classname="com.TestCases.LoginTest"/>
  <testcase name="invalidPasswordTest" time="35.573" classname="com.TestCases.LoginTest"/>
</testsuite> <!-- com.TestCases.LoginTest -->
