<?xml version="1.0" encoding="UTF-8"?>
<!-- Generated by org.testng.reporters.JUnitReportReporter -->
<testsuite hostname="VICKY" name="com.TestCases.LoginTest" tests="3" failures="0" timestamp="8 Jan 2021 08:58:18 GMT" time="92.021" errors="0">
  <testcase name="invalidPasswordTest" time="30.972" classname="com.TestCases.LoginTest"/>
  <testcase name="validUsernameTest" time="31.247" classname="com.TestCases.LoginTest"/>
  <testcase name="invalidUsernameTest" time="29.802" classname="com.TestCases.LoginTest"/>
</testsuite> <!-- com.TestCases.LoginTest -->
